<?xml version="1.0" encoding="UTF-8"?>
<!-- Generated by org.testng.reporters.JUnitReportReporter -->
<testsuite skipped="0" hostname="jason-shiggs-computer.local" name="SportsEngine.base" tests="1" failures="0" timestamp="20 Dec 2019 12:39:40 GMT" time="8.439" errors="0">
  <testcase name="initializeDriver" time="8.439" classname="SportsEngine.base"/>
</testsuite> <!-- SportsEngine.base -->
