<?xml version="1.0" encoding="UTF-8"?>
<!-- Generated by org.testng.reporters.JUnitReportReporter -->
<testsuite skipped="0" hostname="jason-shiggs-computer.local" name="SportsEngine.HomePage" tests="1" failures="0" timestamp="31 Dec 2019 17:23:33 GMT" time="11.107" errors="0">
  <testcase name="basePageNavigationForward_01" time="11.107" classname="SportsEngine.HomePage"/>
</testsuite> <!-- SportsEngine.HomePage -->
